Using pre-set license
Built from '2020.3/staging' branch; Version is '2020.3.18f1 (a7d1c678663c) revision 10998214'; Using compiler version '192528614'; Build Type 'Release'
OS: 'Windows 10 Enterprise; OS build 19042.1288; Version 2009; 64bit' Language: 'en' Physical Memory: 15920 MB
BatchMode: 1, IsHumanControllingUs: 0, StartBugReporterOnCrash: 0, Is64bit: 1, IsPro: 0

COMMAND LINE ARGUMENTS:
C:\Program Files\Unity\Hub\Editor\2020.3.18f1\Editor\Unity.exe
-adb2
-batchMode
-noUpm
-name
AssetImportWorker0
-projectPath
C:/Users/20193250/OneDrive - TU Eindhoven/games and play/game-design/Onderwater jens
-logFile
Logs/AssetImportWorker0.log
-srvPort
63909
Successfully changed project path to: C:/Users/20193250/OneDrive - TU Eindhoven/games and play/game-design/Onderwater jens
C:/Users/20193250/OneDrive - TU Eindhoven/games and play/game-design/Onderwater jens
Using Asset Import Pipeline V2.
Refreshing native plugins compatible for Editor in 38.31 ms, found 2 plugins.
Preloading 0 native plugins for Editor in 0.00 ms.
Initialize engine version: 2020.3.18f1 (a7d1c678663c)
[Subsystems] Discovering subsystems at path C:/Program Files/Unity/Hub/Editor/2020.3.18f1/Editor/Data/Resources/UnitySubsystems
[Subsystems] Discovering subsystems at path C:/Users/20193250/OneDrive - TU Eindhoven/games and play/game-design/Onderwater jens/Assets
GfxDevice: creating device client; threaded=0
Direct3D:
    Version:  Direct3D 11.0 [level 11.1]
    Renderer: NVIDIA Quadro P1000 (ID=0x1cbb)
    Vendor:   
    VRAM:     4019 MB
    Driver:   30.0.14.7141
Initialize mono
Mono path[0] = 'C:/Program Files/Unity/Hub/Editor/2020.3.18f1/Editor/Data/Managed'
Mono path[1] = 'C:/Program Files/Unity/Hub/Editor/2020.3.18f1/Editor/Data/MonoBleedingEdge/lib/mono/unityjit'
Mono config path = 'C:/Program Files/Unity/Hub/Editor/2020.3.18f1/Editor/Data/MonoBleedingEdge/etc'
Using monoOptions --debugger-agent=transport=dt_socket,embedding=1,server=y,suspend=n,address=127.0.0.1:56684
Begin MonoManager ReloadAssembly
Registering precompiled unity dll's ...
Register platform support module: C:/Program Files/Unity/Hub/Editor/2020.3.18f1/Editor/Data/PlaybackEngines/WindowsStandaloneSupport/UnityEditor.WindowsStandalone.Extensions.dll
Registered in 0.002964 seconds.
Native extension for WindowsStandalone target not found
Refreshing native plugins compatible for Editor in 26.90 ms, found 2 plugins.
Preloading 0 native plugins for Editor in 0.00 ms.
Mono: successfully reloaded assembly
- Completed reload, in  1.445 seconds
Domain Reload Profiling:
	ReloadAssembly (1445ms)
		BeginReloadAssembly (70ms)
			ExecutionOrderSort (0ms)
			DisableScriptedObjects (0ms)
			BackupInstance (0ms)
			ReleaseScriptingObjects (0ms)
			CreateAndSetChildDomain (1ms)
		EndReloadAssembly (533ms)
			LoadAssemblies (68ms)
			RebuildTransferFunctionScriptingTraits (0ms)
			SetupTypeCache (171ms)
			ReleaseScriptCaches (0ms)
			RebuildScriptCaches (75ms)
			SetupLoadedEditorAssemblies (154ms)
				LogAssemblyErrors (0ms)
				InitializePlatformSupportModulesInManaged (10ms)
				SetLoadedEditorAssemblies (0ms)
				RefreshPlugins (27ms)
				BeforeProcessingInitializeOnLoad (7ms)
				ProcessInitializeOnLoadAttributes (83ms)
				ProcessInitializeOnLoadMethodAttributes (27ms)
				AfterProcessingInitializeOnLoad (0ms)
				EditorAssembliesLoaded (0ms)
			ExecutionOrderSort2 (0ms)
			AwakeInstancesAfterBackupRestoration (0ms)
Platform modules already initialized, skipping
Registering precompiled user dll's ...
Registered in 0.004661 seconds.
Begin MonoManager ReloadAssembly
Native extension for WindowsStandalone target not found
Refreshing native plugins compatible for Editor in 0.27 ms, found 2 plugins.
Preloading 0 native plugins for Editor in 0.00 ms.
Mono: successfully reloaded assembly
- Completed reload, in  2.245 seconds
Domain Reload Profiling:
	ReloadAssembly (2246ms)
		BeginReloadAssembly (371ms)
			ExecutionOrderSort (0ms)
			DisableScriptedObjects (4ms)
			BackupInstance (0ms)
			ReleaseScriptingObjects (0ms)
			CreateAndSetChildDomain (55ms)
		EndReloadAssembly (1700ms)
			LoadAssemblies (368ms)
			RebuildTransferFunctionScriptingTraits (0ms)
			SetupTypeCache (726ms)
			ReleaseScriptCaches (0ms)
			RebuildScriptCaches (59ms)
			SetupLoadedEditorAssemblies (469ms)
				LogAssemblyErrors (0ms)
				InitializePlatformSupportModulesInManaged (5ms)
				SetLoadedEditorAssemblies (0ms)
				RefreshPlugins (0ms)
				BeforeProcessingInitializeOnLoad (98ms)
				ProcessInitializeOnLoadAttributes (354ms)
				ProcessInitializeOnLoadMethodAttributes (4ms)
				AfterProcessingInitializeOnLoad (8ms)
				EditorAssembliesLoaded (0ms)
			ExecutionOrderSort2 (0ms)
			AwakeInstancesAfterBackupRestoration (6ms)
Platform modules already initialized, skipping
========================================================================
Worker process is ready to serve import requests
Launched and connected shader compiler UnityShaderCompiler.exe after 0.10 seconds
Refreshing native plugins compatible for Editor in 0.88 ms, found 2 plugins.
Preloading 0 native plugins for Editor in 0.00 ms.
Unloading 1396 Unused Serialized files (Serialized files now loaded: 0)
System memory in use before: 65.3 MB.
System memory in use after: 65.3 MB.

Unloading 16 unused Assets to reduce memory usage. Loaded Objects now: 1831.
Total: 6.529000 ms (FindLiveObjects: 0.149800 ms CreateObjectMapping: 0.036400 ms MarkObjects: 6.128600 ms  DeleteObjects: 0.212100 ms)

AssetImportParameters requested are different than current active one (requested -> active):
  custom:framework-win-MediaFoundation: 216162199b28c13a410421893ffa2e32 -> 
  custom:video-decoder-ogg-theora: a1e56fd34408186e4bbccfd4996cb3dc -> 
  custom:container-muxer-webm: aa71ff27fc2769a1b78a27578f13a17b -> 
  custom:container-demuxer-webm: 4f35f7cbe854078d1ac9338744f61a02 -> 
  custom:container-demuxer-ogg: 62fdf1f143b41e24485cea50d1cbac27 -> 
  custom:video-encoder-webm-vp8: eb34c28f22e8b96e1ab97ce403110664 -> 
  custom:video-decoder-webm-vp8: 9c59270c3fd7afecdb556c50c9e8de78 -> 
  custom:audio-decoder-ogg-vorbis: bf7c407c2cedff20999df2af8eb42d56 -> 
  custom:audio-encoder-webm-vorbis: bf7c407c2cedff20999df2af8eb42d56 -> 
========================================================================
Received Import Request.
  path: Assets
  artifactKey: Guid(00000000000000001000000000000000) Importer(815301076,1909f56bfc062723c751e8b465ee728b)
Start importing Assets using Guid(00000000000000001000000000000000) Importer(815301076,1909f56bfc062723c751e8b465ee728b)  -> (artifact id: '42d402b061de3733987d63b9cc3b64de') in 0.046081 seconds 
  Import took 0.056313 seconds .

========================================================================
Received Import Request.
  Time since last request: 49.256332 seconds.
  path: Assets/Scenes/SampleScene.unity
  artifactKey: Guid(9fc0d4010bbf28b4594072e72b8655ab) Importer(815301076,1909f56bfc062723c751e8b465ee728b)
Start importing Assets/Scenes/SampleScene.unity using Guid(9fc0d4010bbf28b4594072e72b8655ab) Importer(815301076,1909f56bfc062723c751e8b465ee728b)  -> (artifact id: '85059f4f9e1a832ed95adaa0d25c5c4c') in 0.048722 seconds 
  Import took 0.054262 seconds .

========================================================================
Received Import Request.
  Time since last request: 11.616257 seconds.
  path: Assets/SwimmingSystem/New Terrain.asset
  artifactKey: Guid(a8b82e44405fc8e46a7214dd29d8d5dd) Importer(815301076,1909f56bfc062723c751e8b465ee728b)
Start importing Assets/SwimmingSystem/New Terrain.asset using Guid(a8b82e44405fc8e46a7214dd29d8d5dd) Importer(815301076,1909f56bfc062723c751e8b465ee728b)  -> (artifact id: '08929bc8c52a8785cd1f971d9fd771cd') in 0.216553 seconds 
  Import took 0.221953 seconds .

========================================================================
Received Import Request.
  Time since last request: 1.692968 seconds.
  path: Assets/SwimmingSystem/SwimDemo.unity
  artifactKey: Guid(92375754b801c0e4ca719b7c358734d6) Importer(815301076,1909f56bfc062723c751e8b465ee728b)
Start importing Assets/SwimmingSystem/SwimDemo.unity using Guid(92375754b801c0e4ca719b7c358734d6) Importer(815301076,1909f56bfc062723c751e8b465ee728b)  -> (artifact id: 'ab34d6f49d630ccfe4e395aae51219c5') in 0.033027 seconds 
  Import took 0.039270 seconds .

========================================================================
Received Import Request.
  Time since last request: 61.043955 seconds.
  path: Assets/SwimmingSystem/Scripts
  artifactKey: Guid(c1405b57ffdb0dc49bd80a867ea309d1) Importer(815301076,1909f56bfc062723c751e8b465ee728b)
Start importing Assets/SwimmingSystem/Scripts using Guid(c1405b57ffdb0dc49bd80a867ea309d1) Importer(815301076,1909f56bfc062723c751e8b465ee728b)  -> (artifact id: 'da0a36685db9d4215be79a19925871a8') in 0.035668 seconds 
  Import took 0.048193 seconds .

========================================================================
Received Import Request.
  Time since last request: 0.001977 seconds.
  path: Assets/SwimmingSystem/Scripts
  artifactKey: Guid(c1405b57ffdb0dc49bd80a867ea309d1) Importer(815301076,1909f56bfc062723c751e8b465ee728b)
Start importing Assets/SwimmingSystem/Scripts using Guid(c1405b57ffdb0dc49bd80a867ea309d1) Importer(815301076,1909f56bfc062723c751e8b465ee728b)  -> (artifact id: 'da0a36685db9d4215be79a19925871a8') in 0.038643 seconds 
  Import took 0.046530 seconds .

========================================================================
Received Import Request.
  Time since last request: 2.710842 seconds.
  path: Assets/SwimmingSystem/Prefabs
  artifactKey: Guid(2f1c6759a10659d42ab00d2aa7db249c) Importer(815301076,1909f56bfc062723c751e8b465ee728b)
Start importing Assets/SwimmingSystem/Prefabs using Guid(2f1c6759a10659d42ab00d2aa7db249c) Importer(815301076,1909f56bfc062723c751e8b465ee728b)  -> (artifact id: 'dea8a82ebd108142ac62eb74c6edd22e') in 0.036263 seconds 
  Import took 0.042165 seconds .

========================================================================
Received Import Request.
  Time since last request: 0.044287 seconds.
  path: Assets/SwimmingSystem/Prefabs/FPSController.prefab
  artifactKey: Guid(feee33a894bff334ba3b637ecd33e6ab) Importer(815301076,1909f56bfc062723c751e8b465ee728b)
Start importing Assets/SwimmingSystem/Prefabs/FPSController.prefab using Guid(feee33a894bff334ba3b637ecd33e6ab) Importer(815301076,1909f56bfc062723c751e8b465ee728b)  -> (artifact id: '6a7dbc5e9bb8ea50f29fab12baa38b19') in 0.038368 seconds 
  Import took 0.042621 seconds .

========================================================================
Received Import Request.
  Time since last request: 72.500362 seconds.
  path: Assets/SwimmingSystem
  artifactKey: Guid(762514f4f0c8f034795bcaf195a4899d) Importer(815301076,1909f56bfc062723c751e8b465ee728b)
Start importing Assets/SwimmingSystem using Guid(762514f4f0c8f034795bcaf195a4899d) Importer(815301076,1909f56bfc062723c751e8b465ee728b)  -> (artifact id: 'f50f7c7385bb8430326561b806717bb3') in 0.035693 seconds 
  Import took 0.043250 seconds .

========================================================================
Received Import Request.
  Time since last request: 61.033573 seconds.
  path: Assets/SwimmingSystem/Scripts/NewBehaviourScript.cs
  artifactKey: Guid(9ace70151bba04542a9fd25678b629ed) Importer(815301076,1909f56bfc062723c751e8b465ee728b)
Start importing Assets/SwimmingSystem/Scripts/NewBehaviourScript.cs using Guid(9ace70151bba04542a9fd25678b629ed) Importer(815301076,1909f56bfc062723c751e8b465ee728b)  -> (artifact id: 'e73e709ce6c6037404d7a15651041caa') in 0.053647 seconds 
  Import took 0.063202 seconds .

========================================================================
Received Import Request.
  Time since last request: 0.001443 seconds.
  path: Assets/SwimmingSystem/Scripts/NewBehaviourScript.cs
  artifactKey: Guid(9ace70151bba04542a9fd25678b629ed) Importer(815301076,1909f56bfc062723c751e8b465ee728b)
Start importing Assets/SwimmingSystem/Scripts/NewBehaviourScript.cs using Guid(9ace70151bba04542a9fd25678b629ed) Importer(815301076,1909f56bfc062723c751e8b465ee728b)  -> (artifact id: 'e73e709ce6c6037404d7a15651041caa') in 0.046258 seconds 
  Import took 0.053648 seconds .

========================================================================
Received Import Request.
  Time since last request: 14.211416 seconds.
  path: Assets/SwimmingSystem/Scripts/PlayerMovementScript.cs
  artifactKey: Guid(9ace70151bba04542a9fd25678b629ed) Importer(815301076,1909f56bfc062723c751e8b465ee728b)
Start importing Assets/SwimmingSystem/Scripts/PlayerMovementScript.cs using Guid(9ace70151bba04542a9fd25678b629ed) Importer(815301076,1909f56bfc062723c751e8b465ee728b)  -> (artifact id: '92c539bb116d14c4eb07ef95b71b6824') in 0.019207 seconds 
  Import took 0.026875 seconds .

========================================================================
Received Import Request.
  Time since last request: 235.450086 seconds.
  path: Assets/_TerrainAutoUpgrade
  artifactKey: Guid(456d653419e717043b99229fdc027afe) Importer(815301076,1909f56bfc062723c751e8b465ee728b)
Start importing Assets/_TerrainAutoUpgrade using Guid(456d653419e717043b99229fdc027afe) Importer(815301076,1909f56bfc062723c751e8b465ee728b)  -> (artifact id: 'c822d56a486ce4ca6c1eed5bf9f1964d') in 0.043153 seconds 
  Import took 0.049866 seconds .

========================================================================
Received Import Request.
  Time since last request: 0.004855 seconds.
  path: Assets/_TerrainAutoUpgrade
  artifactKey: Guid(456d653419e717043b99229fdc027afe) Importer(815301076,1909f56bfc062723c751e8b465ee728b)
Start importing Assets/_TerrainAutoUpgrade using Guid(456d653419e717043b99229fdc027afe) Importer(815301076,1909f56bfc062723c751e8b465ee728b)  -> (artifact id: 'c822d56a486ce4ca6c1eed5bf9f1964d') in 0.040371 seconds 
  Import took 0.050649 seconds .

========================================================================
Received Import Request.
  Time since last request: 0.000816 seconds.
  path: Assets/_TerrainAutoUpgrade/layer_2023054508611406.terrainlayer
  artifactKey: Guid(008a119fa72d0f04e8341cbb40ca58d4) Importer(815301076,1909f56bfc062723c751e8b465ee728b)
Start importing Assets/_TerrainAutoUpgrade/layer_2023054508611406.terrainlayer using Guid(008a119fa72d0f04e8341cbb40ca58d4) Importer(815301076,1909f56bfc062723c751e8b465ee728b)  -> (artifact id: '8b1aaf84f6c090ca8b9c2ee7aa2709b9') in 0.111077 seconds 
  Import took 0.119657 seconds .

========================================================================
Received Import Request.
  Time since last request: 0.000839 seconds.
  path: Assets/_TerrainAutoUpgrade/layer_3d3aba195e4d26ee.terrainlayer
  artifactKey: Guid(679d5458a7f24d64b89ff906795b8466) Importer(815301076,1909f56bfc062723c751e8b465ee728b)
Start importing Assets/_TerrainAutoUpgrade/layer_3d3aba195e4d26ee.terrainlayer using Guid(679d5458a7f24d64b89ff906795b8466) Importer(815301076,1909f56bfc062723c751e8b465ee728b)  -> (artifact id: '7ed1be0cb25c40f88952b0df407414b9') in 0.053329 seconds 
  Import took 0.062598 seconds .

========================================================================
Received Import Request.
  Time since last request: 162.376339 seconds.
  path: Assets/SwimmingSystem/Scripts/PlayerMovementScript.cs
  artifactKey: Guid(9ace70151bba04542a9fd25678b629ed) Importer(815301076,1909f56bfc062723c751e8b465ee728b)
Start importing Assets/SwimmingSystem/Scripts/PlayerMovementScript.cs using Guid(9ace70151bba04542a9fd25678b629ed) Importer(815301076,1909f56bfc062723c751e8b465ee728b)  -> (artifact id: '51e787db5d12b038a77d408b5d3ed3be') in 0.040587 seconds 
  Import took 0.051964 seconds .

========================================================================
Received Import Request.
  Time since last request: 138.367913 seconds.
  path: Assets/SwimmingSystem/Scripts/Swim.cs
  artifactKey: Guid(7a146203583342144b6757ab81987681) Importer(815301076,1909f56bfc062723c751e8b465ee728b)
Start importing Assets/SwimmingSystem/Scripts/Swim.cs using Guid(7a146203583342144b6757ab81987681) Importer(815301076,1909f56bfc062723c751e8b465ee728b)  -> (artifact id: '2838250c7079761e776c910c77250ef9') in 0.033095 seconds 
  Import took 0.041623 seconds .

AssetImportWorkerClient::OnTransportError - code=2 error=End of file
